Flow report for AWG
Wed Jun 24 14:28:24 2026
Quartus II 64-Bit Version 14.1.0 Build 186 12/03/2014 SJ Full Version


---------------------
; Table of Contents ;
---------------------
  1. Legal Notice
  2. Flow Summary
  3. Flow Settings
  4. Flow Non-Default Global Settings
  5. Flow Elapsed Time
  6. Flow OS Summary
  7. Flow Log
  8. Flow Messages
  9. Flow Suppressed Messages



----------------
; Legal Notice ;
----------------
Copyright (C) 1991-2014 Altera Corporation. All rights reserved.
Your use of Altera Corporation's design tools, logic functions 
and other software and tools, and its AMPP partner logic 
functions, and any output files from any of the foregoing 
(including device programming or simulation files), and any 
associated documentation or information are expressly subject 
to the terms and conditions of the Altera Program License 
Subscription Agreement, the Altera Quartus II License Agreement,
the Altera MegaCore Function License Agreement, or other 
applicable license agreement, including, without limitation, 
that your use is for the sole purpose of programming logic 
devices manufactured by Altera and sold by Altera or its 
authorized distributors.  Please refer to the applicable 
agreement for further details.



+----------------------------------------------------------------------------------+
; Flow Summary                                                                     ;
+------------------------------------+---------------------------------------------+
; Flow Status                        ; Successful - Wed Jun 24 14:28:24 2026       ;
; Quartus II 64-Bit Version          ; 14.1.0 Build 186 12/03/2014 SJ Full Version ;
; Revision Name                      ; AWG                                         ;
; Top-level Entity Name              ; TopDsn                                      ;
; Family                             ; Cyclone IV E                                ;
; Device                             ; EP4CE10E22I7                                ;
; Timing Models                      ; Final                                       ;
; Total logic elements               ; 2,268                                       ;
;     Total combinational functions  ; 1,936                                       ;
;     Dedicated logic registers      ; 1,223                                       ;
; Total registers                    ; 1223                                        ;
; Total pins                         ; 59                                          ;
; Total virtual pins                 ; 0                                           ;
; Total memory bits                  ; 25,600                                      ;
; Embedded Multiplier 9-bit elements ; 0                                           ;
; Total PLLs                         ; 1                                           ;
+------------------------------------+---------------------------------------------+


+-----------------------------------------+
; Flow Settings                           ;
+-------------------+---------------------+
; Option            ; Setting             ;
+-------------------+---------------------+
; Start date & time ; 06/24/2026 14:27:56 ;
; Main task         ; Compilation         ;
; Revision Name     ; AWG                 ;
+-------------------+---------------------+


+---------------------------------------------------------------------------------------------------------------------+
; Flow Non-Default Global Settings                                                                                    ;
+-------------------------------------+--------------------------------+---------------+-------------+----------------+
; Assignment Name                     ; Value                          ; Default Value ; Entity Name ; Section Id     ;
+-------------------------------------+--------------------------------+---------------+-------------+----------------+
; COMPILER_SIGNATURE_ID               ; 53642731293136.178228247618052 ; --            ; --          ; --             ;
; MAX_CORE_JUNCTION_TEMP              ; 100                            ; --            ; --          ; --             ;
; MIN_CORE_JUNCTION_TEMP              ; -40                            ; --            ; --          ; --             ;
; MISC_FILE                           ; E:/Temporary/AWG/AWG.dpf       ; --            ; --          ; --             ;
; MISC_FILE                           ; lpm_ram_dp0.bsf                ; --            ; --          ; --             ;
; MISC_FILE                           ; lpm_ram_dp0_bb.v               ; --            ; --          ; --             ;
; PARTITION_COLOR                     ; 16764057                       ; --            ; TopDsn      ; Top            ;
; PARTITION_FITTER_PRESERVATION_LEVEL ; PLACEMENT_AND_ROUTING          ; --            ; TopDsn      ; Top            ;
; PARTITION_NETLIST_TYPE              ; SOURCE                         ; --            ; TopDsn      ; Top            ;
; SOPC_BUILDER_SIGNATURE_ID           ; 001B2422A6830000012906F7A561   ; --            ; --          ; --             ;
; TOP_LEVEL_ENTITY                    ; TopDsn                         ; AWG           ; --          ; --             ;
; USE_GENERATED_PHYSICAL_CONSTRAINTS  ; Off                            ; --            ; --          ; eda_blast_fpga ;
+-------------------------------------+--------------------------------+---------------+-------------+----------------+


+--------------------------------------------------------------------------------------------------------------------------+
; Flow Elapsed Time                                                                                                        ;
+----------------------+--------------+-------------------------+---------------------+------------------------------------+
; Module Name          ; Elapsed Time ; Average Processors Used ; Peak Virtual Memory ; Total CPU Time (on all processors) ;
+----------------------+--------------+-------------------------+---------------------+------------------------------------+
; Analysis & Synthesis ; 00:00:27     ; 1.0                     ; 4928 MB             ; 00:00:51                           ;
; Total                ; 00:00:27     ; --                      ; --                  ; 00:00:51                           ;
+----------------------+--------------+-------------------------+---------------------+------------------------------------+


+-----------------------------------------------------------------------------------+
; Flow OS Summary                                                                   ;
+----------------------+------------------+-----------+------------+----------------+
; Module Name          ; Machine Hostname ; OS Name   ; OS Version ; Processor type ;
+----------------------+------------------+-----------+------------+----------------+
; Analysis & Synthesis ; LAPTOP-N0V62DSH  ; Windows 7 ; 6.2        ; x86_64         ;
+----------------------+------------------+-----------+------------+----------------+


------------
; Flow Log ;
------------
quartus_map --read_settings_files=on --write_settings_files=off AWG -c AWG



