Flow report for FMC_Demo
Fri Jun 26 22:52:10 2026
Quartus II 64-Bit Version 14.1.0 Build 186 12/03/2014 SJ Full Version


---------------------
; Table of Contents ;
---------------------
  1. Legal Notice
  2. Flow Summary
  3. Flow Settings
  4. Flow Non-Default Global Settings
  5. Flow Elapsed Time
  6. Flow OS Summary
  7. Flow Log
  8. Flow Messages
  9. Flow Suppressed Messages



----------------
; Legal Notice ;
----------------
Copyright (C) 1991-2014 Altera Corporation. All rights reserved.
Your use of Altera Corporation's design tools, logic functions 
and other software and tools, and its AMPP partner logic 
functions, and any output files from any of the foregoing 
(including device programming or simulation files), and any 
associated documentation or information are expressly subject 
to the terms and conditions of the Altera Program License 
Subscription Agreement, the Altera Quartus II License Agreement,
the Altera MegaCore Function License Agreement, or other 
applicable license agreement, including, without limitation, 
that your use is for the sole purpose of programming logic 
devices manufactured by Altera and sold by Altera or its 
authorized distributors.  Please refer to the applicable 
agreement for further details.



+----------------------------------------------------------------------------------+
; Flow Summary                                                                     ;
+------------------------------------+---------------------------------------------+
; Flow Status                        ; Successful - Fri Jun 26 22:52:06 2026       ;
; Quartus II 64-Bit Version          ; 14.1.0 Build 186 12/03/2014 SJ Full Version ;
; Revision Name                      ; FMC_Demo                                    ;
; Top-level Entity Name              ; FMC_Demo                                    ;
; Family                             ; Cyclone IV E                                ;
; Device                             ; EP4CE10E22I7                                ;
; Timing Models                      ; Final                                       ;
; Total logic elements               ; 1,105 / 10,320 ( 11 % )                     ;
;     Total combinational functions  ; 749 / 10,320 ( 7 % )                        ;
;     Dedicated logic registers      ; 885 / 10,320 ( 9 % )                        ;
; Total registers                    ; 885                                         ;
; Total pins                         ; 46 / 92 ( 50 % )                            ;
; Total virtual pins                 ; 0                                           ;
; Total memory bits                  ; 348,160 / 423,936 ( 82 % )                  ;
; Embedded Multiplier 9-bit elements ; 0 / 46 ( 0 % )                              ;
; Total PLLs                         ; 1 / 2 ( 50 % )                              ;
+------------------------------------+---------------------------------------------+


+-----------------------------------------+
; Flow Settings                           ;
+-------------------+---------------------+
; Option            ; Setting             ;
+-------------------+---------------------+
; Start date & time ; 06/26/2026 21:46:59 ;
; Main task         ; Compilation         ;
; Revision Name     ; FMC_Demo            ;
+-------------------+---------------------+


+------------------------------------------------------------------------------------------------------------------------+
; Flow Non-Default Global Settings                                                                                       ;
+-------------------------------------+---------------------------------------+---------------+-------------+------------+
; Assignment Name                     ; Value                                 ; Default Value ; Entity Name ; Section Id ;
+-------------------------------------+---------------------------------------+---------------+-------------+------------+
; COMPILER_SIGNATURE_ID               ; 53642731293136.178248161902564        ; --            ; --          ; --         ;
; MAX_CORE_JUNCTION_TEMP              ; 100                                   ; --            ; --          ; --         ;
; MIN_CORE_JUNCTION_TEMP              ; -40                                   ; --            ; --          ; --         ;
; MISC_FILE                           ; pll1.bsf                              ; --            ; --          ; --         ;
; MISC_FILE                           ; pll1_bb.v                             ; --            ; --          ; --         ;
; MISC_FILE                           ; pll1.ppf                              ; --            ; --          ; --         ;
; OUTPUT_IO_TIMING_FAR_END_VMEAS      ; Half Signal Swing                     ; --            ; --          ; --         ;
; OUTPUT_IO_TIMING_FAR_END_VMEAS      ; Half Signal Swing                     ; --            ; --          ; --         ;
; OUTPUT_IO_TIMING_NEAR_END_VMEAS     ; Half Vccio                            ; --            ; --          ; --         ;
; OUTPUT_IO_TIMING_NEAR_END_VMEAS     ; Half Vccio                            ; --            ; --          ; --         ;
; PARTITION_COLOR                     ; 16764057                              ; --            ; --          ; Top        ;
; PARTITION_FITTER_PRESERVATION_LEVEL ; PLACEMENT_AND_ROUTING                 ; --            ; --          ; Top        ;
; PARTITION_NETLIST_TYPE              ; SOURCE                                ; --            ; --          ; Top        ;
; POWER_BOARD_THERMAL_MODEL           ; None (CONSERVATIVE)                   ; --            ; --          ; --         ;
; POWER_PRESET_COOLING_SOLUTION       ; 23 MM HEAT SINK WITH 200 LFPM AIRFLOW ; --            ; --          ; --         ;
; PROJECT_OUTPUT_DIRECTORY            ; output_files                          ; --            ; --          ; --         ;
+-------------------------------------+---------------------------------------+---------------+-------------+------------+


+-------------------------------------------------------------------------------------------------------------------------------+
; Flow Elapsed Time                                                                                                             ;
+---------------------------+--------------+-------------------------+---------------------+------------------------------------+
; Module Name               ; Elapsed Time ; Average Processors Used ; Peak Virtual Memory ; Total CPU Time (on all processors) ;
+---------------------------+--------------+-------------------------+---------------------+------------------------------------+
; Analysis & Synthesis      ; 00:00:12     ; 1.0                     ; 4889 MB             ; 00:00:27                           ;
; Fitter                    ; 00:00:05     ; 4.6                     ; 6578 MB             ; 00:00:08                           ;
; Assembler                 ; 00:00:01     ; 1.0                     ; 4694 MB             ; 00:00:01                           ;
; TimeQuest Timing Analyzer ; 00:00:02     ; 1.0                     ; 4943 MB             ; 00:00:02                           ;
; Analysis & Synthesis      ; 00:00:26     ; 1.1                     ; 4889 MB             ; 00:00:55                           ;
; Partition Merge           ; 00:00:01     ; 1.0                     ; 4756 MB             ; 00:00:01                           ;
; Fitter                    ; 00:00:07     ; 1.0                     ; 6603 MB             ; 00:00:12                           ;
; Assembler                 ; 00:00:01     ; 1.0                     ; 4699 MB             ; 00:00:01                           ;
; TimeQuest Timing Analyzer ; 00:00:03     ; 1.0                     ; 4959 MB             ; 00:00:03                           ;
; Analysis & Synthesis      ; 00:00:35     ; 1.1                     ; 4890 MB             ; 00:01:46                           ;
; Partition Merge           ; 00:00:01     ; 1.0                     ; 4742 MB             ; 00:00:01                           ;
; Fitter                    ; 00:00:10     ; 1.3                     ; 6605 MB             ; 00:00:17                           ;
; Assembler                 ; 00:00:01     ; 1.0                     ; 4698 MB             ; 00:00:01                           ;
; TimeQuest Timing Analyzer ; 00:00:03     ; 1.0                     ; 4958 MB             ; 00:00:04                           ;
; Analysis & Synthesis      ; 00:00:37     ; 1.1                     ; 4889 MB             ; 00:01:25                           ;
; Partition Merge           ; 00:00:01     ; 1.0                     ; 4740 MB             ; 00:00:01                           ;
; Fitter                    ; 00:00:11     ; 4.0                     ; 6605 MB             ; 00:00:16                           ;
; Assembler                 ; 00:00:01     ; 1.0                     ; 4700 MB             ; 00:00:01                           ;
; TimeQuest Timing Analyzer ; 00:00:04     ; 6.0                     ; 4958 MB             ; 00:00:04                           ;
; Analysis & Synthesis      ; 00:00:34     ; 1.1                     ; 4889 MB             ; 00:01:21                           ;
; Partition Merge           ; 00:00:01     ; 1.0                     ; 4742 MB             ; 00:00:01                           ;
; Fitter                    ; 00:00:11     ; 5.5                     ; 6605 MB             ; 00:00:16                           ;
; Assembler                 ; 00:00:01     ; 1.0                     ; 4699 MB             ; 00:00:01                           ;
; TimeQuest Timing Analyzer ; 00:00:04     ; 1.3                     ; 4966 MB             ; 00:00:04                           ;
; Analysis & Synthesis      ; 00:00:27     ; 1.1                     ; 4889 MB             ; 00:01:04                           ;
; Partition Merge           ; 00:00:01     ; 1.0                     ; 4742 MB             ; 00:00:01                           ;
; Fitter                    ; 00:00:08     ; 1.4                     ; 6603 MB             ; 00:00:13                           ;
; Assembler                 ; 00:00:01     ; 1.0                     ; 4698 MB             ; 00:00:01                           ;
; TimeQuest Timing Analyzer ; 00:00:03     ; 1.0                     ; 4958 MB             ; 00:00:03                           ;
; Analysis & Synthesis      ; 00:00:25     ; 1.1                     ; 4885 MB             ; 00:00:55                           ;
; Partition Merge           ; 00:00:01     ; 1.0                     ; 4742 MB             ; 00:00:01                           ;
; Fitter                    ; 00:00:08     ; 1.0                     ; 6604 MB             ; 00:00:12                           ;
; Assembler                 ; 00:00:01     ; 1.0                     ; 4701 MB             ; 00:00:01                           ;
; TimeQuest Timing Analyzer ; 00:00:03     ; 1.0                     ; 4958 MB             ; 00:00:03                           ;
; Analysis & Synthesis      ; 00:00:22     ; 1.1                     ; 4890 MB             ; 00:00:50                           ;
; Partition Merge           ; 00:00:01     ; 1.0                     ; 4760 MB             ; 00:00:01                           ;
; Fitter                    ; 00:00:06     ; 1.0                     ; 6607 MB             ; 00:00:10                           ;
; Assembler                 ; 00:00:01     ; 1.0                     ; 4699 MB             ; 00:00:01                           ;
; TimeQuest Timing Analyzer ; 00:00:02     ; 1.0                     ; 4957 MB             ; 00:00:03                           ;
; Analysis & Synthesis      ; 00:00:33     ; 1.1                     ; 4887 MB             ; 00:00:49                           ;
; Partition Merge           ; 00:00:01     ; 1.0                     ; 4740 MB             ; 00:00:01                           ;
; Fitter                    ; 00:00:08     ; 3.6                     ; 6607 MB             ; 00:00:12                           ;
; Assembler                 ; 00:00:01     ; 1.0                     ; 4698 MB             ; 00:00:01                           ;
; TimeQuest Timing Analyzer ; 00:00:02     ; 1.0                     ; 4954 MB             ; 00:00:03                           ;
; Total                     ; 00:06:08     ; --                      ; --                  ; 00:12:14                           ;
+---------------------------+--------------+-------------------------+---------------------+------------------------------------+


+----------------------------------------------------------------------------------------+
; Flow OS Summary                                                                        ;
+---------------------------+------------------+-----------+------------+----------------+
; Module Name               ; Machine Hostname ; OS Name   ; OS Version ; Processor type ;
+---------------------------+------------------+-----------+------------+----------------+
; Analysis & Synthesis      ; LAPTOP-N0V62DSH  ; Windows 7 ; 6.2        ; x86_64         ;
; Fitter                    ; LAPTOP-N0V62DSH  ; Windows 7 ; 6.2        ; x86_64         ;
; Assembler                 ; LAPTOP-N0V62DSH  ; Windows 7 ; 6.2        ; x86_64         ;
; TimeQuest Timing Analyzer ; LAPTOP-N0V62DSH  ; Windows 7 ; 6.2        ; x86_64         ;
; Analysis & Synthesis      ; LAPTOP-N0V62DSH  ; Windows 7 ; 6.2        ; x86_64         ;
; Partition Merge           ; LAPTOP-N0V62DSH  ; Windows 7 ; 6.2        ; x86_64         ;
; Fitter                    ; LAPTOP-N0V62DSH  ; Windows 7 ; 6.2        ; x86_64         ;
; Assembler                 ; LAPTOP-N0V62DSH  ; Windows 7 ; 6.2        ; x86_64         ;
; TimeQuest Timing Analyzer ; LAPTOP-N0V62DSH  ; Windows 7 ; 6.2        ; x86_64         ;
; Analysis & Synthesis      ; LAPTOP-N0V62DSH  ; Windows 7 ; 6.2        ; x86_64         ;
; Partition Merge           ; LAPTOP-N0V62DSH  ; Windows 7 ; 6.2        ; x86_64         ;
; Fitter                    ; LAPTOP-N0V62DSH  ; Windows 7 ; 6.2        ; x86_64         ;
; Assembler                 ; LAPTOP-N0V62DSH  ; Windows 7 ; 6.2        ; x86_64         ;
; TimeQuest Timing Analyzer ; LAPTOP-N0V62DSH  ; Windows 7 ; 6.2        ; x86_64         ;
; Analysis & Synthesis      ; LAPTOP-N0V62DSH  ; Windows 7 ; 6.2        ; x86_64         ;
; Partition Merge           ; LAPTOP-N0V62DSH  ; Windows 7 ; 6.2        ; x86_64         ;
; Fitter                    ; LAPTOP-N0V62DSH  ; Windows 7 ; 6.2        ; x86_64         ;
; Assembler                 ; LAPTOP-N0V62DSH  ; Windows 7 ; 6.2        ; x86_64         ;
; TimeQuest Timing Analyzer ; LAPTOP-N0V62DSH  ; Windows 7 ; 6.2        ; x86_64         ;
; Analysis & Synthesis      ; LAPTOP-N0V62DSH  ; Windows 7 ; 6.2        ; x86_64         ;
; Partition Merge           ; LAPTOP-N0V62DSH  ; Windows 7 ; 6.2        ; x86_64         ;
; Fitter                    ; LAPTOP-N0V62DSH  ; Windows 7 ; 6.2        ; x86_64         ;
; Assembler                 ; LAPTOP-N0V62DSH  ; Windows 7 ; 6.2        ; x86_64         ;
; TimeQuest Timing Analyzer ; LAPTOP-N0V62DSH  ; Windows 7 ; 6.2        ; x86_64         ;
; Analysis & Synthesis      ; LAPTOP-N0V62DSH  ; Windows 7 ; 6.2        ; x86_64         ;
; Partition Merge           ; LAPTOP-N0V62DSH  ; Windows 7 ; 6.2        ; x86_64         ;
; Fitter                    ; LAPTOP-N0V62DSH  ; Windows 7 ; 6.2        ; x86_64         ;
; Assembler                 ; LAPTOP-N0V62DSH  ; Windows 7 ; 6.2        ; x86_64         ;
; TimeQuest Timing Analyzer ; LAPTOP-N0V62DSH  ; Windows 7 ; 6.2        ; x86_64         ;
; Analysis & Synthesis      ; LAPTOP-N0V62DSH  ; Windows 7 ; 6.2        ; x86_64         ;
; Partition Merge           ; LAPTOP-N0V62DSH  ; Windows 7 ; 6.2        ; x86_64         ;
; Fitter                    ; LAPTOP-N0V62DSH  ; Windows 7 ; 6.2        ; x86_64         ;
; Assembler                 ; LAPTOP-N0V62DSH  ; Windows 7 ; 6.2        ; x86_64         ;
; TimeQuest Timing Analyzer ; LAPTOP-N0V62DSH  ; Windows 7 ; 6.2        ; x86_64         ;
; Analysis & Synthesis      ; LAPTOP-N0V62DSH  ; Windows 7 ; 6.2        ; x86_64         ;
; Partition Merge           ; LAPTOP-N0V62DSH  ; Windows 7 ; 6.2        ; x86_64         ;
; Fitter                    ; LAPTOP-N0V62DSH  ; Windows 7 ; 6.2        ; x86_64         ;
; Assembler                 ; LAPTOP-N0V62DSH  ; Windows 7 ; 6.2        ; x86_64         ;
; TimeQuest Timing Analyzer ; LAPTOP-N0V62DSH  ; Windows 7 ; 6.2        ; x86_64         ;
; Analysis & Synthesis      ; LAPTOP-N0V62DSH  ; Windows 7 ; 6.2        ; x86_64         ;
; Partition Merge           ; LAPTOP-N0V62DSH  ; Windows 7 ; 6.2        ; x86_64         ;
; Fitter                    ; LAPTOP-N0V62DSH  ; Windows 7 ; 6.2        ; x86_64         ;
; Assembler                 ; LAPTOP-N0V62DSH  ; Windows 7 ; 6.2        ; x86_64         ;
; TimeQuest Timing Analyzer ; LAPTOP-N0V62DSH  ; Windows 7 ; 6.2        ; x86_64         ;
+---------------------------+------------------+-----------+------------+----------------+


------------
; Flow Log ;
------------
quartus_map --read_settings_files=on --write_settings_files=off FMC_Demo -c FMC_Demo
quartus_fit --read_settings_files=off --write_settings_files=off FMC_Demo -c FMC_Demo
quartus_asm --read_settings_files=off --write_settings_files=off FMC_Demo -c FMC_Demo
quartus_sta FMC_Demo -c FMC_Demo
quartus_map --read_settings_files=on --write_settings_files=off FMC_Demo -c FMC_Demo
quartus_cdb --read_settings_files=off --write_settings_files=off FMC_Demo -c FMC_Demo --merge=on
quartus_fit --read_settings_files=off --write_settings_files=off FMC_Demo -c FMC_Demo
quartus_asm --read_settings_files=off --write_settings_files=off FMC_Demo -c FMC_Demo
quartus_sta FMC_Demo -c FMC_Demo
quartus_map --read_settings_files=on --write_settings_files=off FMC_Demo -c FMC_Demo
quartus_cdb --read_settings_files=off --write_settings_files=off FMC_Demo -c FMC_Demo --merge=on
quartus_fit --read_settings_files=off --write_settings_files=off FMC_Demo -c FMC_Demo
quartus_asm --read_settings_files=off --write_settings_files=off FMC_Demo -c FMC_Demo
quartus_sta FMC_Demo -c FMC_Demo
quartus_map --read_settings_files=on --write_settings_files=off FMC_Demo -c FMC_Demo
quartus_cdb --read_settings_files=off --write_settings_files=off FMC_Demo -c FMC_Demo --merge=on
quartus_fit --read_settings_files=off --write_settings_files=off FMC_Demo -c FMC_Demo
quartus_asm --read_settings_files=off --write_settings_files=off FMC_Demo -c FMC_Demo
quartus_sta FMC_Demo -c FMC_Demo
quartus_map --read_settings_files=on --write_settings_files=off FMC_Demo -c FMC_Demo
quartus_cdb --read_settings_files=off --write_settings_files=off FMC_Demo -c FMC_Demo --merge=on
quartus_fit --read_settings_files=off --write_settings_files=off FMC_Demo -c FMC_Demo
quartus_asm --read_settings_files=off --write_settings_files=off FMC_Demo -c FMC_Demo
quartus_sta FMC_Demo -c FMC_Demo
quartus_map --read_settings_files=on --write_settings_files=off FMC_Demo -c FMC_Demo
quartus_cdb --read_settings_files=off --write_settings_files=off FMC_Demo -c FMC_Demo --merge=on
quartus_fit --read_settings_files=off --write_settings_files=off FMC_Demo -c FMC_Demo
quartus_asm --read_settings_files=off --write_settings_files=off FMC_Demo -c FMC_Demo
quartus_sta FMC_Demo -c FMC_Demo
quartus_map --read_settings_files=on --write_settings_files=off FMC_Demo -c FMC_Demo
quartus_cdb --read_settings_files=off --write_settings_files=off FMC_Demo -c FMC_Demo --merge=on
quartus_fit --read_settings_files=off --write_settings_files=off FMC_Demo -c FMC_Demo
quartus_asm --read_settings_files=off --write_settings_files=off FMC_Demo -c FMC_Demo
quartus_sta FMC_Demo -c FMC_Demo
quartus_map --read_settings_files=on --write_settings_files=off FMC_Demo -c FMC_Demo
quartus_cdb --read_settings_files=off --write_settings_files=off FMC_Demo -c FMC_Demo --merge=on
quartus_fit --read_settings_files=off --write_settings_files=off FMC_Demo -c FMC_Demo
quartus_asm --read_settings_files=off --write_settings_files=off FMC_Demo -c FMC_Demo
quartus_sta FMC_Demo -c FMC_Demo
quartus_map --read_settings_files=on --write_settings_files=off FMC_Demo -c FMC_Demo
quartus_cdb --read_settings_files=off --write_settings_files=off FMC_Demo -c FMC_Demo --merge=on
quartus_fit --read_settings_files=off --write_settings_files=off FMC_Demo -c FMC_Demo
quartus_asm --read_settings_files=off --write_settings_files=off FMC_Demo -c FMC_Demo
quartus_sta FMC_Demo -c FMC_Demo



