Assembler report for LED
Wed Jun 24 18:56:03 2026
Quartus II 64-Bit Version 14.1.0 Build 186 12/03/2014 SJ Full Version


---------------------
; Table of Contents ;
---------------------
  1. Legal Notice
  2. Assembler Summary
  3. Assembler Settings
  4. Assembler Generated Files
  5. Assembler Device Options: D:/File/CubeMX/STM-FPGA/FPGA_Learning_Project/output_files/LED.sof
  6. Assembler Device Options: D:/File/CubeMX/STM-FPGA/FPGA_Learning_Project/output_files/LED.pof
  7. Assembler Messages



----------------
; Legal Notice ;
----------------
Copyright (C) 1991-2014 Altera Corporation. All rights reserved.
Your use of Altera Corporation's design tools, logic functions 
and other software and tools, and its AMPP partner logic 
functions, and any output files from any of the foregoing 
(including device programming or simulation files), and any 
associated documentation or information are expressly subject 
to the terms and conditions of the Altera Program License 
Subscription Agreement, the Altera Quartus II License Agreement,
the Altera MegaCore Function License Agreement, or other 
applicable license agreement, including, without limitation, 
that your use is for the sole purpose of programming logic 
devices manufactured by Altera and sold by Altera or its 
authorized distributors.  Please refer to the applicable 
agreement for further details.



+---------------------------------------------------------------+
; Assembler Summary                                             ;
+-----------------------+---------------------------------------+
; Assembler Status      ; Successful - Wed Jun 24 18:56:03 2026 ;
; Revision Name         ; LED                                   ;
; Top-level Entity Name ; LED                                   ;
; Family                ; Cyclone IV E                          ;
; Device                ; EP4CE10E22I7                          ;
+-----------------------+---------------------------------------+


+----------------------------------+
; Assembler Settings               ;
+--------+---------+---------------+
; Option ; Setting ; Default Value ;
+--------+---------+---------------+


+--------------------------------------------------------------------+
; Assembler Generated Files                                          ;
+--------------------------------------------------------------------+
; File Name                                                          ;
+--------------------------------------------------------------------+
; D:/File/CubeMX/STM-FPGA/FPGA_Learning_Project/output_files/LED.sof ;
; D:/File/CubeMX/STM-FPGA/FPGA_Learning_Project/output_files/LED.pof ;
+--------------------------------------------------------------------+


+----------------------------------------------------------------------------------------------+
; Assembler Device Options: D:/File/CubeMX/STM-FPGA/FPGA_Learning_Project/output_files/LED.sof ;
+----------------+-----------------------------------------------------------------------------+
; Option         ; Setting                                                                     ;
+----------------+-----------------------------------------------------------------------------+
; Device         ; EP4CE10E22I7                                                                ;
; JTAG usercode  ; 0x000982B5                                                                  ;
; Checksum       ; 0x000982B5                                                                  ;
+----------------+-----------------------------------------------------------------------------+


+----------------------------------------------------------------------------------------------+
; Assembler Device Options: D:/File/CubeMX/STM-FPGA/FPGA_Learning_Project/output_files/LED.pof ;
+--------------------+-------------------------------------------------------------------------+
; Option             ; Setting                                                                 ;
+--------------------+-------------------------------------------------------------------------+
; Device             ; EPCS16                                                                  ;
; JTAG usercode      ; 0x00000000                                                              ;
; Checksum           ; 0x1E5FC4F5                                                              ;
; Compression Ratio  ; 3                                                                       ;
+--------------------+-------------------------------------------------------------------------+


+--------------------+
; Assembler Messages ;
+--------------------+
Info: *******************************************************************
Info: Running Quartus II 64-Bit Assembler
    Info: Version 14.1.0 Build 186 12/03/2014 SJ Full Version
    Info: Processing started: Wed Jun 24 18:56:02 2026
Info: Command: quartus_asm --read_settings_files=off --write_settings_files=off LED -c LED
Info (115031): Writing out detailed assembly data for power analysis
Info (115030): Assembler is generating device programming files
Info: Quartus II 64-Bit Assembler was successful. 0 errors, 0 warnings
    Info: Peak virtual memory: 4694 megabytes
    Info: Processing ended: Wed Jun 24 18:56:03 2026
    Info: Elapsed time: 00:00:01
    Info: Total CPU time (on all processors): 00:00:01


