Flow report for FMC_Demo
Tue Jun 09 23:04:09 2026
Quartus II 64-Bit Version 14.1.0 Build 186 12/03/2014 SJ Full Version


---------------------
; Table of Contents ;
---------------------
  1. Legal Notice
  2. Flow Summary
  3. Flow Settings
  4. Flow Non-Default Global Settings
  5. Flow Elapsed Time
  6. Flow OS Summary
  7. Flow Log
  8. Flow Messages
  9. Flow Suppressed Messages



----------------
; Legal Notice ;
----------------
Copyright (C) 1991-2014 Altera Corporation. All rights reserved.
Your use of Altera Corporation's design tools, logic functions 
and other software and tools, and its AMPP partner logic 
functions, and any output files from any of the foregoing 
(including device programming or simulation files), and any 
associated documentation or information are expressly subject 
to the terms and conditions of the Altera Program License 
Subscription Agreement, the Altera Quartus II License Agreement,
the Altera MegaCore Function License Agreement, or other 
applicable license agreement, including, without limitation, 
that your use is for the sole purpose of programming logic 
devices manufactured by Altera and sold by Altera or its 
authorized distributors.  Please refer to the applicable 
agreement for further details.



+----------------------------------------------------------------------------------+
; Flow Summary                                                                     ;
+------------------------------------+---------------------------------------------+
; Flow Status                        ; Successful - Tue Jun 09 23:04:05 2026       ;
; Quartus II 64-Bit Version          ; 14.1.0 Build 186 12/03/2014 SJ Full Version ;
; Revision Name                      ; FMC_Demo                                    ;
; Top-level Entity Name              ; FMC_Demo                                    ;
; Family                             ; Cyclone IV E                                ;
; Device                             ; EP4CE10E22I7                                ;
; Timing Models                      ; Final                                       ;
; Total logic elements               ; 118 / 10,320 ( 1 % )                        ;
;     Total combinational functions  ; 66 / 10,320 ( < 1 % )                       ;
;     Dedicated logic registers      ; 85 / 10,320 ( < 1 % )                       ;
; Total registers                    ; 85                                          ;
; Total pins                         ; 35 / 92 ( 38 % )                            ;
; Total virtual pins                 ; 0                                           ;
; Total memory bits                  ; 320,000 / 423,936 ( 75 % )                  ;
; Embedded Multiplier 9-bit elements ; 0 / 46 ( 0 % )                              ;
; Total PLLs                         ; 1 / 2 ( 50 % )                              ;
+------------------------------------+---------------------------------------------+


+-----------------------------------------+
; Flow Settings                           ;
+-------------------+---------------------+
; Option            ; Setting             ;
+-------------------+---------------------+
; Start date & time ; 06/09/2026 23:03:45 ;
; Main task         ; Compilation         ;
; Revision Name     ; FMC_Demo            ;
+-------------------+---------------------+


+------------------------------------------------------------------------------------------------------------------------+
; Flow Non-Default Global Settings                                                                                       ;
+-------------------------------------+---------------------------------------+---------------+-------------+------------+
; Assignment Name                     ; Value                                 ; Default Value ; Entity Name ; Section Id ;
+-------------------------------------+---------------------------------------+---------------+-------------+------------+
; COMPILER_SIGNATURE_ID               ; 180546899162253.178101742514044       ; --            ; --          ; --         ;
; MAX_CORE_JUNCTION_TEMP              ; 100                                   ; --            ; --          ; --         ;
; MIN_CORE_JUNCTION_TEMP              ; -40                                   ; --            ; --          ; --         ;
; MISC_FILE                           ; pll1_bb.v                             ; --            ; --          ; --         ;
; MISC_FILE                           ; pll1.ppf                              ; --            ; --          ; --         ;
; OUTPUT_IO_TIMING_FAR_END_VMEAS      ; Half Signal Swing                     ; --            ; --          ; --         ;
; OUTPUT_IO_TIMING_FAR_END_VMEAS      ; Half Signal Swing                     ; --            ; --          ; --         ;
; OUTPUT_IO_TIMING_NEAR_END_VMEAS     ; Half Vccio                            ; --            ; --          ; --         ;
; OUTPUT_IO_TIMING_NEAR_END_VMEAS     ; Half Vccio                            ; --            ; --          ; --         ;
; PARTITION_COLOR                     ; 16764057                              ; --            ; --          ; Top        ;
; PARTITION_FITTER_PRESERVATION_LEVEL ; PLACEMENT_AND_ROUTING                 ; --            ; --          ; Top        ;
; PARTITION_NETLIST_TYPE              ; SOURCE                                ; --            ; --          ; Top        ;
; POWER_BOARD_THERMAL_MODEL           ; None (CONSERVATIVE)                   ; --            ; --          ; --         ;
; POWER_PRESET_COOLING_SOLUTION       ; 23 MM HEAT SINK WITH 200 LFPM AIRFLOW ; --            ; --          ; --         ;
; PROJECT_OUTPUT_DIRECTORY            ; output_files                          ; --            ; --          ; --         ;
+-------------------------------------+---------------------------------------+---------------+-------------+------------+


+-------------------------------------------------------------------------------------------------------------------------------+
; Flow Elapsed Time                                                                                                             ;
+---------------------------+--------------+-------------------------+---------------------+------------------------------------+
; Module Name               ; Elapsed Time ; Average Processors Used ; Peak Virtual Memory ; Total CPU Time (on all processors) ;
+---------------------------+--------------+-------------------------+---------------------+------------------------------------+
; Analysis & Synthesis      ; 00:00:11     ; 1.0                     ; 4806 MB             ; 00:00:25                           ;
; Fitter                    ; 00:00:05     ; 1.8                     ; 5591 MB             ; 00:00:06                           ;
; Assembler                 ; 00:00:01     ; 1.0                     ; 4705 MB             ; 00:00:01                           ;
; TimeQuest Timing Analyzer ; 00:00:02     ; 1.0                     ; 4802 MB             ; 00:00:02                           ;
; Total                     ; 00:00:19     ; --                      ; --                  ; 00:00:34                           ;
+---------------------------+--------------+-------------------------+---------------------+------------------------------------+


+----------------------------------------------------------------------------------------+
; Flow OS Summary                                                                        ;
+---------------------------+------------------+-----------+------------+----------------+
; Module Name               ; Machine Hostname ; OS Name   ; OS Version ; Processor type ;
+---------------------------+------------------+-----------+------------+----------------+
; Analysis & Synthesis      ; DESKTOP-21NOMUT  ; Windows 7 ; 6.2        ; x86_64         ;
; Fitter                    ; DESKTOP-21NOMUT  ; Windows 7 ; 6.2        ; x86_64         ;
; Assembler                 ; DESKTOP-21NOMUT  ; Windows 7 ; 6.2        ; x86_64         ;
; TimeQuest Timing Analyzer ; DESKTOP-21NOMUT  ; Windows 7 ; 6.2        ; x86_64         ;
+---------------------------+------------------+-----------+------------+----------------+


------------
; Flow Log ;
------------
quartus_map --read_settings_files=on --write_settings_files=off FMC_Demo -c FMC_Demo
quartus_fit --read_settings_files=off --write_settings_files=off FMC_Demo -c FMC_Demo
quartus_asm --read_settings_files=off --write_settings_files=off FMC_Demo -c FMC_Demo
quartus_sta FMC_Demo -c FMC_Demo



