Flow report for LED_PLL
Wed Jun 24 20:09:41 2026
Quartus II 64-Bit Version 14.1.0 Build 186 12/03/2014 SJ Full Version


---------------------
; Table of Contents ;
---------------------
  1. Legal Notice
  2. Flow Summary
  3. Flow Settings
  4. Flow Non-Default Global Settings
  5. Flow Elapsed Time
  6. Flow OS Summary
  7. Flow Log
  8. Flow Messages
  9. Flow Suppressed Messages



----------------
; Legal Notice ;
----------------
Copyright (C) 1991-2014 Altera Corporation. All rights reserved.
Your use of Altera Corporation's design tools, logic functions 
and other software and tools, and its AMPP partner logic 
functions, and any output files from any of the foregoing 
(including device programming or simulation files), and any 
associated documentation or information are expressly subject 
to the terms and conditions of the Altera Program License 
Subscription Agreement, the Altera Quartus II License Agreement,
the Altera MegaCore Function License Agreement, or other 
applicable license agreement, including, without limitation, 
that your use is for the sole purpose of programming logic 
devices manufactured by Altera and sold by Altera or its 
authorized distributors.  Please refer to the applicable 
agreement for further details.



+----------------------------------------------------------------------------------+
; Flow Summary                                                                     ;
+------------------------------------+---------------------------------------------+
; Flow Status                        ; Successful - Wed Jun 24 20:09:41 2026       ;
; Quartus II 64-Bit Version          ; 14.1.0 Build 186 12/03/2014 SJ Full Version ;
; Revision Name                      ; LED_PLL                                     ;
; Top-level Entity Name              ; LED_PLL                                     ;
; Family                             ; Cyclone IV E                                ;
; Device                             ; EP4CE10E22I7                                ;
; Timing Models                      ; Final                                       ;
; Total logic elements               ; 39 / 10,320 ( < 1 % )                       ;
;     Total combinational functions  ; 39 / 10,320 ( < 1 % )                       ;
;     Dedicated logic registers      ; 30 / 10,320 ( < 1 % )                       ;
; Total registers                    ; 30                                          ;
; Total pins                         ; 2 / 92 ( 2 % )                              ;
; Total virtual pins                 ; 0                                           ;
; Total memory bits                  ; 0 / 423,936 ( 0 % )                         ;
; Embedded Multiplier 9-bit elements ; 0 / 46 ( 0 % )                              ;
; Total PLLs                         ; 1 / 2 ( 50 % )                              ;
+------------------------------------+---------------------------------------------+


+-----------------------------------------+
; Flow Settings                           ;
+-------------------+---------------------+
; Option            ; Setting             ;
+-------------------+---------------------+
; Start date & time ; 06/24/2026 20:09:20 ;
; Main task         ; Compilation         ;
; Revision Name     ; LED_PLL             ;
+-------------------+---------------------+


+---------------------------------------------------------------------------------------------------------------------+
; Flow Non-Default Global Settings                                                                                    ;
+-------------------------------------+--------------------------------+---------------+-------------+----------------+
; Assignment Name                     ; Value                          ; Default Value ; Entity Name ; Section Id     ;
+-------------------------------------+--------------------------------+---------------+-------------+----------------+
; COMPILER_SIGNATURE_ID               ; 53642731293136.178230296005924 ; --            ; --          ; --             ;
; EDA_OUTPUT_DATA_FORMAT              ; Verilog Hdl                    ; --            ; --          ; eda_simulation ;
; EDA_SIMULATION_TOOL                 ; ModelSim-Altera (Verilog)      ; <None>        ; --          ; --             ;
; MAX_CORE_JUNCTION_TEMP              ; 100                            ; --            ; --          ; --             ;
; MIN_CORE_JUNCTION_TEMP              ; -40                            ; --            ; --          ; --             ;
; MISC_FILE                           ; PLL1_bb.v                      ; --            ; --          ; --             ;
; MISC_FILE                           ; PLL1.ppf                       ; --            ; --          ; --             ;
; NOMINAL_CORE_SUPPLY_VOLTAGE         ; 1.2V                           ; --            ; --          ; --             ;
; PARTITION_COLOR                     ; 16764057                       ; --            ; --          ; Top            ;
; PARTITION_FITTER_PRESERVATION_LEVEL ; PLACEMENT_AND_ROUTING          ; --            ; --          ; Top            ;
; PARTITION_NETLIST_TYPE              ; SOURCE                         ; --            ; --          ; Top            ;
; PROJECT_OUTPUT_DIRECTORY            ; output_files                   ; --            ; --          ; --             ;
+-------------------------------------+--------------------------------+---------------+-------------+----------------+


+-------------------------------------------------------------------------------------------------------------------------------+
; Flow Elapsed Time                                                                                                             ;
+---------------------------+--------------+-------------------------+---------------------+------------------------------------+
; Module Name               ; Elapsed Time ; Average Processors Used ; Peak Virtual Memory ; Total CPU Time (on all processors) ;
+---------------------------+--------------+-------------------------+---------------------+------------------------------------+
; Analysis & Synthesis      ; 00:00:09     ; 1.0                     ; 4863 MB             ; 00:00:22                           ;
; Fitter                    ; 00:00:03     ; 1.0                     ; 6539 MB             ; 00:00:04                           ;
; Assembler                 ; 00:00:01     ; 1.0                     ; 4697 MB             ; 00:00:01                           ;
; TimeQuest Timing Analyzer ; 00:00:02     ; 1.0                     ; 4911 MB             ; 00:00:02                           ;
; EDA Netlist Writer        ; 00:00:01     ; 1.0                     ; 4660 MB             ; 00:00:01                           ;
; Total                     ; 00:00:16     ; --                      ; --                  ; 00:00:30                           ;
+---------------------------+--------------+-------------------------+---------------------+------------------------------------+


+----------------------------------------------------------------------------------------+
; Flow OS Summary                                                                        ;
+---------------------------+------------------+-----------+------------+----------------+
; Module Name               ; Machine Hostname ; OS Name   ; OS Version ; Processor type ;
+---------------------------+------------------+-----------+------------+----------------+
; Analysis & Synthesis      ; LAPTOP-N0V62DSH  ; Windows 7 ; 6.2        ; x86_64         ;
; Fitter                    ; LAPTOP-N0V62DSH  ; Windows 7 ; 6.2        ; x86_64         ;
; Assembler                 ; LAPTOP-N0V62DSH  ; Windows 7 ; 6.2        ; x86_64         ;
; TimeQuest Timing Analyzer ; LAPTOP-N0V62DSH  ; Windows 7 ; 6.2        ; x86_64         ;
; EDA Netlist Writer        ; LAPTOP-N0V62DSH  ; Windows 7 ; 6.2        ; x86_64         ;
+---------------------------+------------------+-----------+------------+----------------+


------------
; Flow Log ;
------------
quartus_map --read_settings_files=on --write_settings_files=off LED_PLL -c LED_PLL
quartus_fit --read_settings_files=off --write_settings_files=off LED_PLL -c LED_PLL
quartus_asm --read_settings_files=off --write_settings_files=off LED_PLL -c LED_PLL
quartus_sta LED_PLL -c LED_PLL
quartus_eda --read_settings_files=off --write_settings_files=off LED_PLL -c LED_PLL



