Flow report for FMC_Demo
Thu Jun 25 22:48:07 2026
Quartus II 64-Bit Version 14.1.0 Build 186 12/03/2014 SJ Full Version


---------------------
; Table of Contents ;
---------------------
  1. Legal Notice
  2. Flow Summary
  3. Flow Settings
  4. Flow Non-Default Global Settings
  5. Flow Elapsed Time
  6. Flow OS Summary
  7. Flow Log
  8. Flow Messages
  9. Flow Suppressed Messages



----------------
; Legal Notice ;
----------------
Copyright (C) 1991-2014 Altera Corporation. All rights reserved.
Your use of Altera Corporation's design tools, logic functions 
and other software and tools, and its AMPP partner logic 
functions, and any output files from any of the foregoing 
(including device programming or simulation files), and any 
associated documentation or information are expressly subject 
to the terms and conditions of the Altera Program License 
Subscription Agreement, the Altera Quartus II License Agreement,
the Altera MegaCore Function License Agreement, or other 
applicable license agreement, including, without limitation, 
that your use is for the sole purpose of programming logic 
devices manufactured by Altera and sold by Altera or its 
authorized distributors.  Please refer to the applicable 
agreement for further details.



+----------------------------------------------------------------------------------+
; Flow Summary                                                                     ;
+------------------------------------+---------------------------------------------+
; Flow Status                        ; Successful - Thu Jun 25 22:48:03 2026       ;
; Quartus II 64-Bit Version          ; 14.1.0 Build 186 12/03/2014 SJ Full Version ;
; Revision Name                      ; FMC_Demo                                    ;
; Top-level Entity Name              ; FMC_Demo                                    ;
; Family                             ; Cyclone IV E                                ;
; Device                             ; EP4CE10E22I7                                ;
; Timing Models                      ; Final                                       ;
; Total logic elements               ; 960 / 10,320 ( 9 % )                        ;
;     Total combinational functions  ; 735 / 10,320 ( 7 % )                        ;
;     Dedicated logic registers      ; 713 / 10,320 ( 7 % )                        ;
; Total registers                    ; 723                                         ;
; Total pins                         ; 47 / 92 ( 51 % )                            ;
; Total virtual pins                 ; 0                                           ;
; Total memory bits                  ; 39,936 / 423,936 ( 9 % )                    ;
; Embedded Multiplier 9-bit elements ; 2 / 46 ( 4 % )                              ;
; Total PLLs                         ; 1 / 2 ( 50 % )                              ;
+------------------------------------+---------------------------------------------+


+-----------------------------------------+
; Flow Settings                           ;
+-------------------+---------------------+
; Option            ; Setting             ;
+-------------------+---------------------+
; Start date & time ; 06/25/2026 19:13:26 ;
; Main task         ; Compilation         ;
; Revision Name     ; FMC_Demo            ;
+-------------------+---------------------+


+-----------------------------------------------------------------------------------------------------------------+
; Flow Non-Default Global Settings                                                                                ;
+-------------------------------------+--------------------------------+---------------+-------------+------------+
; Assignment Name                     ; Value                          ; Default Value ; Entity Name ; Section Id ;
+-------------------------------------+--------------------------------+---------------+-------------+------------+
; COMPILER_SIGNATURE_ID               ; 53642731293136.178238600611136 ; --            ; --          ; --         ;
; MAX_CORE_JUNCTION_TEMP              ; 100                            ; --            ; --          ; --         ;
; MIN_CORE_JUNCTION_TEMP              ; -40                            ; --            ; --          ; --         ;
; MISC_FILE                           ; pll1_bb.v                      ; --            ; --          ; --         ;
; MISC_FILE                           ; pll1.ppf                       ; --            ; --          ; --         ;
; MISC_FILE                           ; ram_2port1_bb.v                ; --            ; --          ; --         ;
; PARTITION_COLOR                     ; 16764057                       ; --            ; --          ; Top        ;
; PARTITION_FITTER_PRESERVATION_LEVEL ; PLACEMENT_AND_ROUTING          ; --            ; --          ; Top        ;
; PARTITION_NETLIST_TYPE              ; SOURCE                         ; --            ; --          ; Top        ;
; PROJECT_OUTPUT_DIRECTORY            ; output_files                   ; --            ; --          ; --         ;
+-------------------------------------+--------------------------------+---------------+-------------+------------+


+-------------------------------------------------------------------------------------------------------------------------------+
; Flow Elapsed Time                                                                                                             ;
+---------------------------+--------------+-------------------------+---------------------+------------------------------------+
; Module Name               ; Elapsed Time ; Average Processors Used ; Peak Virtual Memory ; Total CPU Time (on all processors) ;
+---------------------------+--------------+-------------------------+---------------------+------------------------------------+
; Analysis & Synthesis      ; 00:00:11     ; 1.0                     ; 4871 MB             ; 00:00:24                           ;
; Fitter                    ; 00:00:06     ; 1.0                     ; 6599 MB             ; 00:00:11                           ;
; Assembler                 ; 00:00:00     ; 1.0                     ; 4697 MB             ; 00:00:01                           ;
; TimeQuest Timing Analyzer ; 00:00:02     ; 1.0                     ; 4945 MB             ; 00:00:02                           ;
; Analysis & Synthesis      ; 00:00:25     ; 1.1                     ; 4890 MB             ; 00:00:53                           ;
; Partition Merge           ; 00:00:01     ; 1.0                     ; 4757 MB             ; 00:00:01                           ;
; Fitter                    ; 00:00:06     ; 1.6                     ; 6598 MB             ; 00:00:10                           ;
; Assembler                 ; 00:00:01     ; 1.0                     ; 4701 MB             ; 00:00:01                           ;
; TimeQuest Timing Analyzer ; 00:00:02     ; 1.0                     ; 4960 MB             ; 00:00:03                           ;
; Analysis & Synthesis      ; 00:00:21     ; 1.0                     ; 4848 MB             ; 00:00:50                           ;
; Partition Merge           ; 00:00:01     ; 1.0                     ; 4757 MB             ; 00:00:01                           ;
; Fitter                    ; 00:00:06     ; 3.5                     ; 6603 MB             ; 00:00:11                           ;
; Assembler                 ; 00:00:01     ; 1.0                     ; 4697 MB             ; 00:00:01                           ;
; TimeQuest Timing Analyzer ; 00:00:03     ; 1.0                     ; 4953 MB             ; 00:00:04                           ;
; Analysis & Synthesis      ; 00:00:36     ; 1.1                     ; 4895 MB             ; 00:01:22                           ;
; Partition Merge           ; 00:00:01     ; 1.0                     ; 4758 MB             ; 00:00:01                           ;
; Fitter                    ; 00:00:10     ; 1.3                     ; 6610 MB             ; 00:00:17                           ;
; Assembler                 ; 00:00:01     ; 1.0                     ; 4698 MB             ; 00:00:01                           ;
; TimeQuest Timing Analyzer ; 00:00:03     ; 1.0                     ; 4959 MB             ; 00:00:04                           ;
; Analysis & Synthesis      ; 00:00:32     ; 1.0                     ; 4853 MB             ; 00:01:17                           ;
; Partition Merge           ; 00:00:01     ; 1.0                     ; 4760 MB             ; 00:00:01                           ;
; Fitter                    ; 00:00:11     ; 2.5                     ; 6609 MB             ; 00:00:17                           ;
; Assembler                 ; 00:00:01     ; 1.0                     ; 4701 MB             ; 00:00:01                           ;
; TimeQuest Timing Analyzer ; 00:00:04     ; 1.0                     ; 4960 MB             ; 00:00:04                           ;
; Analysis & Synthesis      ; 00:00:23     ; 1.1                     ; 4890 MB             ; 00:00:52                           ;
; Partition Merge           ; 00:00:00     ; 1.0                     ; 4741 MB             ; 00:00:01                           ;
; Fitter                    ; 00:00:10     ; 1.0                     ; 6619 MB             ; 00:00:24                           ;
; Assembler                 ; 00:00:01     ; 1.0                     ; 4701 MB             ; 00:00:01                           ;
; TimeQuest Timing Analyzer ; 00:00:03     ; 1.0                     ; 4960 MB             ; 00:00:03                           ;
; Analysis & Synthesis      ; 00:00:10     ; 1.0                     ; 4754 MB             ; 00:00:23                           ;
; Analysis & Synthesis      ; 00:00:10     ; 1.0                     ; 4754 MB             ; 00:00:23                           ;
; Analysis & Synthesis      ; 00:00:26     ; 1.2                     ; 4889 MB             ; 00:01:17                           ;
; Partition Merge           ; 00:00:01     ; 1.0                     ; 4740 MB             ; 00:00:01                           ;
; Fitter                    ; 00:00:11     ; 2.8                     ; 6618 MB             ; 00:00:28                           ;
; Assembler                 ; 00:00:01     ; 1.0                     ; 4700 MB             ; 00:00:01                           ;
; TimeQuest Timing Analyzer ; 00:00:02     ; 1.5                     ; 4960 MB             ; 00:00:03                           ;
; Analysis & Synthesis      ; 00:00:22     ; 1.0                     ; 4857 MB             ; 00:00:47                           ;
; Partition Merge           ; 00:00:01     ; 1.0                     ; 4759 MB             ; 00:00:01                           ;
; Fitter                    ; 00:00:01     ; 1.0                     ; 5017 MB             ; 00:00:02                           ;
; Analysis & Synthesis      ; 00:00:36     ; 1.1                     ; 4887 MB             ; 00:01:10                           ;
; Partition Merge           ; 00:00:02     ; 1.0                     ; 4758 MB             ; 00:00:01                           ;
; Fitter                    ; 00:00:02     ; 1.0                     ; 5014 MB             ; 00:00:02                           ;
; Fitter                    ; 00:00:01     ; 1.0                     ; 5017 MB             ; 00:00:02                           ;
; Analysis & Synthesis      ; 00:00:21     ; 1.0                     ; 4848 MB             ; 00:00:49                           ;
; Partition Merge           ; 00:00:01     ; 1.0                     ; 4761 MB             ; 00:00:01                           ;
; Analysis & Synthesis      ; 00:00:21     ; 1.0                     ; 4847 MB             ; 00:00:49                           ;
; Partition Merge           ; 00:00:01     ; 1.0                     ; 4757 MB             ; 00:00:01                           ;
; Analysis & Synthesis      ; 00:00:21     ; 1.0                     ; 4848 MB             ; 00:00:51                           ;
; Partition Merge           ; 00:00:01     ; 1.0                     ; 4758 MB             ; 00:00:01                           ;
; Analysis & Synthesis      ; 00:00:21     ; 1.0                     ; 4848 MB             ; 00:00:48                           ;
; Partition Merge           ; 00:00:01     ; 1.0                     ; 4760 MB             ; 00:00:01                           ;
; Analysis & Synthesis      ; 00:00:22     ; 1.0                     ; 4847 MB             ; 00:01:08                           ;
; Partition Merge           ; 00:00:00     ; 1.0                     ; 4761 MB             ; 00:00:01                           ;
; Analysis & Synthesis      ; 00:00:21     ; 1.0                     ; 4849 MB             ; 00:00:47                           ;
; Partition Merge           ; 00:00:01     ; 1.0                     ; 4758 MB             ; 00:00:01                           ;
; Analysis & Synthesis      ; 00:00:23     ; 1.1                     ; 4887 MB             ; 00:00:53                           ;
; Partition Merge           ; 00:00:01     ; 1.0                     ; 4742 MB             ; 00:00:01                           ;
; Fitter                    ; 00:00:10     ; 4.7                     ; 6614 MB             ; 00:00:21                           ;
; Assembler                 ; 00:00:01     ; 1.0                     ; 4702 MB             ; 00:00:01                           ;
; TimeQuest Timing Analyzer ; 00:00:03     ; 1.0                     ; 4954 MB             ; 00:00:03                           ;
; Analysis & Synthesis      ; 00:00:26     ; 1.1                     ; 4887 MB             ; 00:01:15                           ;
; Partition Merge           ; 00:00:01     ; 1.0                     ; 4759 MB             ; 00:00:01                           ;
; Fitter                    ; 00:00:08     ; 1.0                     ; 6608 MB             ; 00:00:18                           ;
; Assembler                 ; 00:00:01     ; 1.0                     ; 4698 MB             ; 00:00:01                           ;
; TimeQuest Timing Analyzer ; 00:00:02     ; 1.0                     ; 4955 MB             ; 00:00:03                           ;
; Analysis & Synthesis      ; 00:00:21     ; 1.0                     ; 4845 MB             ; 00:01:05                           ;
; Partition Merge           ; 00:00:01     ; 1.0                     ; 4757 MB             ; 00:00:01                           ;
; Fitter                    ; 00:00:08     ; 3.1                     ; 6607 MB             ; 00:00:19                           ;
; Assembler                 ; 00:00:01     ; 1.0                     ; 4697 MB             ; 00:00:01                           ;
; TimeQuest Timing Analyzer ; 00:00:03     ; 1.0                     ; 4959 MB             ; 00:00:03                           ;
; Analysis & Synthesis      ; 00:00:23     ; 1.1                     ; 4889 MB             ; 00:00:52                           ;
; Partition Merge           ; 00:00:01     ; 1.0                     ; 4757 MB             ; 00:00:01                           ;
; Fitter                    ; 00:00:08     ; 2.9                     ; 6609 MB             ; 00:00:18                           ;
; Assembler                 ; 00:00:01     ; 1.0                     ; 4700 MB             ; 00:00:01                           ;
; TimeQuest Timing Analyzer ; 00:00:03     ; 1.5                     ; 4955 MB             ; 00:00:03                           ;
; Analysis & Synthesis      ; 00:00:22     ; 1.1                     ; 4885 MB             ; 00:00:47                           ;
; Analysis & Synthesis      ; 00:00:19     ; 1.0                     ; 4844 MB             ; 00:00:42                           ;
; Partition Merge           ; 00:00:01     ; 1.0                     ; 4737 MB             ; 00:00:01                           ;
; Fitter                    ; 00:00:09     ; 4.3                     ; 6612 MB             ; 00:00:21                           ;
; Assembler                 ; 00:00:01     ; 1.0                     ; 4698 MB             ; 00:00:01                           ;
; TimeQuest Timing Analyzer ; 00:00:03     ; 1.0                     ; 4955 MB             ; 00:00:02                           ;
; Total                     ; 00:11:22     ; --                      ; --                  ; 00:25:13                           ;
+---------------------------+--------------+-------------------------+---------------------+------------------------------------+


+----------------------------------------------------------------------------------------+
; Flow OS Summary                                                                        ;
+---------------------------+------------------+-----------+------------+----------------+
; Module Name               ; Machine Hostname ; OS Name   ; OS Version ; Processor type ;
+---------------------------+------------------+-----------+------------+----------------+
; Analysis & Synthesis      ; LAPTOP-N0V62DSH  ; Windows 7 ; 6.2        ; x86_64         ;
; Fitter                    ; LAPTOP-N0V62DSH  ; Windows 7 ; 6.2        ; x86_64         ;
; Assembler                 ; LAPTOP-N0V62DSH  ; Windows 7 ; 6.2        ; x86_64         ;
; TimeQuest Timing Analyzer ; LAPTOP-N0V62DSH  ; Windows 7 ; 6.2        ; x86_64         ;
; Analysis & Synthesis      ; LAPTOP-N0V62DSH  ; Windows 7 ; 6.2        ; x86_64         ;
; Partition Merge           ; LAPTOP-N0V62DSH  ; Windows 7 ; 6.2        ; x86_64         ;
; Fitter                    ; LAPTOP-N0V62DSH  ; Windows 7 ; 6.2        ; x86_64         ;
; Assembler                 ; LAPTOP-N0V62DSH  ; Windows 7 ; 6.2        ; x86_64         ;
; TimeQuest Timing Analyzer ; LAPTOP-N0V62DSH  ; Windows 7 ; 6.2        ; x86_64         ;
; Analysis & Synthesis      ; LAPTOP-N0V62DSH  ; Windows 7 ; 6.2        ; x86_64         ;
; Partition Merge           ; LAPTOP-N0V62DSH  ; Windows 7 ; 6.2        ; x86_64         ;
; Fitter                    ; LAPTOP-N0V62DSH  ; Windows 7 ; 6.2        ; x86_64         ;
; Assembler                 ; LAPTOP-N0V62DSH  ; Windows 7 ; 6.2        ; x86_64         ;
; TimeQuest Timing Analyzer ; LAPTOP-N0V62DSH  ; Windows 7 ; 6.2        ; x86_64         ;
; Analysis & Synthesis      ; LAPTOP-N0V62DSH  ; Windows 7 ; 6.2        ; x86_64         ;
; Partition Merge           ; LAPTOP-N0V62DSH  ; Windows 7 ; 6.2        ; x86_64         ;
; Fitter                    ; LAPTOP-N0V62DSH  ; Windows 7 ; 6.2        ; x86_64         ;
; Assembler                 ; LAPTOP-N0V62DSH  ; Windows 7 ; 6.2        ; x86_64         ;
; TimeQuest Timing Analyzer ; LAPTOP-N0V62DSH  ; Windows 7 ; 6.2        ; x86_64         ;
; Analysis & Synthesis      ; LAPTOP-N0V62DSH  ; Windows 7 ; 6.2        ; x86_64         ;
; Partition Merge           ; LAPTOP-N0V62DSH  ; Windows 7 ; 6.2        ; x86_64         ;
; Fitter                    ; LAPTOP-N0V62DSH  ; Windows 7 ; 6.2        ; x86_64         ;
; Assembler                 ; LAPTOP-N0V62DSH  ; Windows 7 ; 6.2        ; x86_64         ;
; TimeQuest Timing Analyzer ; LAPTOP-N0V62DSH  ; Windows 7 ; 6.2        ; x86_64         ;
; Analysis & Synthesis      ; LAPTOP-N0V62DSH  ; Windows 7 ; 6.2        ; x86_64         ;
; Partition Merge           ; LAPTOP-N0V62DSH  ; Windows 7 ; 6.2        ; x86_64         ;
; Fitter                    ; LAPTOP-N0V62DSH  ; Windows 7 ; 6.2        ; x86_64         ;
; Assembler                 ; LAPTOP-N0V62DSH  ; Windows 7 ; 6.2        ; x86_64         ;
; TimeQuest Timing Analyzer ; LAPTOP-N0V62DSH  ; Windows 7 ; 6.2        ; x86_64         ;
; Analysis & Synthesis      ; LAPTOP-N0V62DSH  ; Windows 7 ; 6.2        ; x86_64         ;
; Analysis & Synthesis      ; LAPTOP-N0V62DSH  ; Windows 7 ; 6.2        ; x86_64         ;
; Analysis & Synthesis      ; LAPTOP-N0V62DSH  ; Windows 7 ; 6.2        ; x86_64         ;
; Partition Merge           ; LAPTOP-N0V62DSH  ; Windows 7 ; 6.2        ; x86_64         ;
; Fitter                    ; LAPTOP-N0V62DSH  ; Windows 7 ; 6.2        ; x86_64         ;
; Assembler                 ; LAPTOP-N0V62DSH  ; Windows 7 ; 6.2        ; x86_64         ;
; TimeQuest Timing Analyzer ; LAPTOP-N0V62DSH  ; Windows 7 ; 6.2        ; x86_64         ;
; Analysis & Synthesis      ; LAPTOP-N0V62DSH  ; Windows 7 ; 6.2        ; x86_64         ;
; Partition Merge           ; LAPTOP-N0V62DSH  ; Windows 7 ; 6.2        ; x86_64         ;
; Fitter                    ; LAPTOP-N0V62DSH  ; Windows 7 ; 6.2        ; x86_64         ;
; Analysis & Synthesis      ; LAPTOP-N0V62DSH  ; Windows 7 ; 6.2        ; x86_64         ;
; Partition Merge           ; LAPTOP-N0V62DSH  ; Windows 7 ; 6.2        ; x86_64         ;
; Fitter                    ; LAPTOP-N0V62DSH  ; Windows 7 ; 6.2        ; x86_64         ;
; Fitter                    ; LAPTOP-N0V62DSH  ; Windows 7 ; 6.2        ; x86_64         ;
; Analysis & Synthesis      ; LAPTOP-N0V62DSH  ; Windows 7 ; 6.2        ; x86_64         ;
; Partition Merge           ; LAPTOP-N0V62DSH  ; Windows 7 ; 6.2        ; x86_64         ;
; Analysis & Synthesis      ; LAPTOP-N0V62DSH  ; Windows 7 ; 6.2        ; x86_64         ;
; Partition Merge           ; LAPTOP-N0V62DSH  ; Windows 7 ; 6.2        ; x86_64         ;
; Analysis & Synthesis      ; LAPTOP-N0V62DSH  ; Windows 7 ; 6.2        ; x86_64         ;
; Partition Merge           ; LAPTOP-N0V62DSH  ; Windows 7 ; 6.2        ; x86_64         ;
; Analysis & Synthesis      ; LAPTOP-N0V62DSH  ; Windows 7 ; 6.2        ; x86_64         ;
; Partition Merge           ; LAPTOP-N0V62DSH  ; Windows 7 ; 6.2        ; x86_64         ;
; Analysis & Synthesis      ; LAPTOP-N0V62DSH  ; Windows 7 ; 6.2        ; x86_64         ;
; Partition Merge           ; LAPTOP-N0V62DSH  ; Windows 7 ; 6.2        ; x86_64         ;
; Analysis & Synthesis      ; LAPTOP-N0V62DSH  ; Windows 7 ; 6.2        ; x86_64         ;
; Partition Merge           ; LAPTOP-N0V62DSH  ; Windows 7 ; 6.2        ; x86_64         ;
; Analysis & Synthesis      ; LAPTOP-N0V62DSH  ; Windows 7 ; 6.2        ; x86_64         ;
; Partition Merge           ; LAPTOP-N0V62DSH  ; Windows 7 ; 6.2        ; x86_64         ;
; Fitter                    ; LAPTOP-N0V62DSH  ; Windows 7 ; 6.2        ; x86_64         ;
; Assembler                 ; LAPTOP-N0V62DSH  ; Windows 7 ; 6.2        ; x86_64         ;
; TimeQuest Timing Analyzer ; LAPTOP-N0V62DSH  ; Windows 7 ; 6.2        ; x86_64         ;
; Analysis & Synthesis      ; LAPTOP-N0V62DSH  ; Windows 7 ; 6.2        ; x86_64         ;
; Partition Merge           ; LAPTOP-N0V62DSH  ; Windows 7 ; 6.2        ; x86_64         ;
; Fitter                    ; LAPTOP-N0V62DSH  ; Windows 7 ; 6.2        ; x86_64         ;
; Assembler                 ; LAPTOP-N0V62DSH  ; Windows 7 ; 6.2        ; x86_64         ;
; TimeQuest Timing Analyzer ; LAPTOP-N0V62DSH  ; Windows 7 ; 6.2        ; x86_64         ;
; Analysis & Synthesis      ; LAPTOP-N0V62DSH  ; Windows 7 ; 6.2        ; x86_64         ;
; Partition Merge           ; LAPTOP-N0V62DSH  ; Windows 7 ; 6.2        ; x86_64         ;
; Fitter                    ; LAPTOP-N0V62DSH  ; Windows 7 ; 6.2        ; x86_64         ;
; Assembler                 ; LAPTOP-N0V62DSH  ; Windows 7 ; 6.2        ; x86_64         ;
; TimeQuest Timing Analyzer ; LAPTOP-N0V62DSH  ; Windows 7 ; 6.2        ; x86_64         ;
; Analysis & Synthesis      ; LAPTOP-N0V62DSH  ; Windows 7 ; 6.2        ; x86_64         ;
; Partition Merge           ; LAPTOP-N0V62DSH  ; Windows 7 ; 6.2        ; x86_64         ;
; Fitter                    ; LAPTOP-N0V62DSH  ; Windows 7 ; 6.2        ; x86_64         ;
; Assembler                 ; LAPTOP-N0V62DSH  ; Windows 7 ; 6.2        ; x86_64         ;
; TimeQuest Timing Analyzer ; LAPTOP-N0V62DSH  ; Windows 7 ; 6.2        ; x86_64         ;
; Analysis & Synthesis      ; LAPTOP-N0V62DSH  ; Windows 7 ; 6.2        ; x86_64         ;
; Analysis & Synthesis      ; LAPTOP-N0V62DSH  ; Windows 7 ; 6.2        ; x86_64         ;
; Partition Merge           ; LAPTOP-N0V62DSH  ; Windows 7 ; 6.2        ; x86_64         ;
; Fitter                    ; LAPTOP-N0V62DSH  ; Windows 7 ; 6.2        ; x86_64         ;
; Assembler                 ; LAPTOP-N0V62DSH  ; Windows 7 ; 6.2        ; x86_64         ;
; TimeQuest Timing Analyzer ; LAPTOP-N0V62DSH  ; Windows 7 ; 6.2        ; x86_64         ;
+---------------------------+------------------+-----------+------------+----------------+


------------
; Flow Log ;
------------
quartus_map --read_settings_files=on --write_settings_files=off FMC_Demo -c FMC_Demo
quartus_fit --read_settings_files=off --write_settings_files=off FMC_Demo -c FMC_Demo
quartus_asm --read_settings_files=off --write_settings_files=off FMC_Demo -c FMC_Demo
quartus_sta FMC_Demo -c FMC_Demo
quartus_map --read_settings_files=on --write_settings_files=off FMC_Demo -c FMC_Demo
quartus_cdb --read_settings_files=off --write_settings_files=off FMC_Demo -c FMC_Demo --merge=on
quartus_fit --read_settings_files=off --write_settings_files=off FMC_Demo -c FMC_Demo
quartus_asm --read_settings_files=off --write_settings_files=off FMC_Demo -c FMC_Demo
quartus_sta FMC_Demo -c FMC_Demo
quartus_map --read_settings_files=on --write_settings_files=off FMC_Demo -c FMC_Demo
quartus_cdb --read_settings_files=off --write_settings_files=off FMC_Demo -c FMC_Demo --merge=on
quartus_fit --read_settings_files=off --write_settings_files=off FMC_Demo -c FMC_Demo
quartus_asm --read_settings_files=off --write_settings_files=off FMC_Demo -c FMC_Demo
quartus_sta FMC_Demo -c FMC_Demo
quartus_map --read_settings_files=on --write_settings_files=off FMC_Demo -c FMC_Demo
quartus_cdb --read_settings_files=off --write_settings_files=off FMC_Demo -c FMC_Demo --merge=on
quartus_fit --read_settings_files=off --write_settings_files=off FMC_Demo -c FMC_Demo
quartus_asm --read_settings_files=off --write_settings_files=off FMC_Demo -c FMC_Demo
quartus_sta FMC_Demo -c FMC_Demo
quartus_map --read_settings_files=on --write_settings_files=off FMC_Demo -c FMC_Demo
quartus_cdb --read_settings_files=off --write_settings_files=off FMC_Demo -c FMC_Demo --merge=on
quartus_fit --read_settings_files=off --write_settings_files=off FMC_Demo -c FMC_Demo
quartus_asm --read_settings_files=off --write_settings_files=off FMC_Demo -c FMC_Demo
quartus_sta FMC_Demo -c FMC_Demo
quartus_map --read_settings_files=on --write_settings_files=off FMC_Demo -c FMC_Demo
quartus_cdb --read_settings_files=off --write_settings_files=off FMC_Demo -c FMC_Demo --merge=on
quartus_fit --read_settings_files=off --write_settings_files=off FMC_Demo -c FMC_Demo
quartus_asm --read_settings_files=off --write_settings_files=off FMC_Demo -c FMC_Demo
quartus_sta FMC_Demo -c FMC_Demo
quartus_map --read_settings_files=on --write_settings_files=off FMC_Demo -c FMC_Demo
quartus_map --read_settings_files=on --write_settings_files=off FMC_Demo -c FMC_Demo
quartus_map --read_settings_files=on --write_settings_files=off FMC_Demo -c FMC_Demo
quartus_cdb --read_settings_files=off --write_settings_files=off FMC_Demo -c FMC_Demo --merge=on
quartus_fit --read_settings_files=off --write_settings_files=off FMC_Demo -c FMC_Demo
quartus_asm --read_settings_files=off --write_settings_files=off FMC_Demo -c FMC_Demo
quartus_sta FMC_Demo -c FMC_Demo
quartus_map --read_settings_files=on --write_settings_files=off FMC_Demo -c FMC_Demo
quartus_cdb --read_settings_files=off --write_settings_files=off FMC_Demo -c FMC_Demo --merge=on
quartus_fit --read_settings_files=off --write_settings_files=off FMC_Demo -c FMC_Demo
quartus_map --read_settings_files=on --write_settings_files=off FMC_Demo -c FMC_Demo
quartus_cdb --read_settings_files=off --write_settings_files=off FMC_Demo -c FMC_Demo --merge=on
quartus_fit --read_settings_files=off --write_settings_files=off FMC_Demo -c FMC_Demo
quartus_fit --read_settings_files=on --write_settings_files=off FMC_Demo -c FMC_Demo
quartus_map --read_settings_files=on --write_settings_files=off FMC_Demo -c FMC_Demo
quartus_cdb --read_settings_files=off --write_settings_files=off FMC_Demo -c FMC_Demo --merge=on
quartus_map --read_settings_files=on --write_settings_files=off FMC_Demo -c FMC_Demo
quartus_cdb --read_settings_files=off --write_settings_files=off FMC_Demo -c FMC_Demo --merge=on
quartus_map --read_settings_files=on --write_settings_files=off FMC_Demo -c FMC_Demo
quartus_cdb --read_settings_files=off --write_settings_files=off FMC_Demo -c FMC_Demo --merge=on
quartus_map --read_settings_files=on --write_settings_files=off FMC_Demo -c FMC_Demo
quartus_cdb --read_settings_files=off --write_settings_files=off FMC_Demo -c FMC_Demo --merge=on
quartus_map --read_settings_files=on --write_settings_files=off FMC_Demo -c FMC_Demo
quartus_cdb --read_settings_files=off --write_settings_files=off FMC_Demo -c FMC_Demo --merge=on
quartus_map --read_settings_files=on --write_settings_files=off FMC_Demo -c FMC_Demo
quartus_cdb --read_settings_files=off --write_settings_files=off FMC_Demo -c FMC_Demo --merge=on
quartus_map --read_settings_files=on --write_settings_files=off FMC_Demo -c FMC_Demo
quartus_cdb --read_settings_files=off --write_settings_files=off FMC_Demo -c FMC_Demo --merge=on
quartus_fit --read_settings_files=off --write_settings_files=off FMC_Demo -c FMC_Demo
quartus_asm --read_settings_files=off --write_settings_files=off FMC_Demo -c FMC_Demo
quartus_sta FMC_Demo -c FMC_Demo
quartus_map --read_settings_files=on --write_settings_files=off FMC_Demo -c FMC_Demo
quartus_cdb --read_settings_files=off --write_settings_files=off FMC_Demo -c FMC_Demo --merge=on
quartus_fit --read_settings_files=off --write_settings_files=off FMC_Demo -c FMC_Demo
quartus_asm --read_settings_files=off --write_settings_files=off FMC_Demo -c FMC_Demo
quartus_sta FMC_Demo -c FMC_Demo
quartus_map --read_settings_files=on --write_settings_files=off FMC_Demo -c FMC_Demo
quartus_cdb --read_settings_files=off --write_settings_files=off FMC_Demo -c FMC_Demo --merge=on
quartus_fit --read_settings_files=off --write_settings_files=off FMC_Demo -c FMC_Demo
quartus_asm --read_settings_files=off --write_settings_files=off FMC_Demo -c FMC_Demo
quartus_sta FMC_Demo -c FMC_Demo
quartus_map --read_settings_files=on --write_settings_files=off FMC_Demo -c FMC_Demo
quartus_cdb --read_settings_files=off --write_settings_files=off FMC_Demo -c FMC_Demo --merge=on
quartus_fit --read_settings_files=off --write_settings_files=off FMC_Demo -c FMC_Demo
quartus_asm --read_settings_files=off --write_settings_files=off FMC_Demo -c FMC_Demo
quartus_sta FMC_Demo -c FMC_Demo
quartus_map --read_settings_files=on --write_settings_files=off FMC_Demo -c FMC_Demo
quartus_map --read_settings_files=on --write_settings_files=off FMC_Demo -c FMC_Demo
quartus_cdb --read_settings_files=off --write_settings_files=off FMC_Demo -c FMC_Demo --merge=on
quartus_fit --read_settings_files=off --write_settings_files=off FMC_Demo -c FMC_Demo
quartus_asm --read_settings_files=off --write_settings_files=off FMC_Demo -c FMC_Demo
quartus_sta FMC_Demo -c FMC_Demo



